2022-06-23 00:00:28.837  INFO 10492 --- [restartedMain] t.e.spring.TimesheetDevopsApplication    : Starting TimesheetDevopsApplication using Java 17.0.1 on DESKTOP-UL5Q03O with PID 10492 (C:\Work\workspace-sts\Project\timesheet-devops\target\classes started by DELL in C:\Work\workspace-sts\Project\timesheet-devops)
2022-06-23 00:00:28.876  INFO 10492 --- [restartedMain] t.e.spring.TimesheetDevopsApplication    : No active profile set, falling back to 1 default profile: "default"
2022-06-23 00:00:30.891  INFO 10492 --- [restartedMain] o.apache.catalina.core.StandardService   : Starting service [Tomcat]
2022-06-23 00:00:30.894  INFO 10492 --- [restartedMain] org.apache.catalina.core.StandardEngine  : Starting Servlet engine: [Apache Tomcat/9.0.63]
2022-06-23 00:00:31.006  INFO 10492 --- [restartedMain] o.a.c.c.C.[.[.[/timesheet-devops]        : Initializing Spring embedded WebApplicationContext
2022-06-23 00:00:31.248  INFO 10492 --- [restartedMain] o.hibernate.jpa.internal.util.LogHelper  : HHH000204: Processing PersistenceUnitInfo [name: default]
2022-06-23 00:00:31.311  INFO 10492 --- [restartedMain] org.hibernate.Version                    : HHH000412: Hibernate ORM core version 5.6.9.Final
2022-06-23 00:00:31.531  INFO 10492 --- [restartedMain] o.hibernate.annotations.common.Version   : HCANN000001: Hibernate Commons Annotations {5.1.2.Final}
2022-06-23 00:00:31.883  INFO 10492 --- [restartedMain] org.hibernate.dialect.Dialect            : HHH000400: Using dialect: org.hibernate.dialect.MySQL5InnoDBDialect
2022-06-23 00:00:32.877  INFO 10492 --- [restartedMain] o.h.e.t.j.p.i.JtaPlatformInitiator       : HHH000490: Using JtaPlatform implementation: [org.hibernate.engine.transaction.jta.platform.internal.NoJtaPlatform]
2022-06-23 00:00:33.201  WARN 10492 --- [restartedMain] ConfigServletWebServerApplicationContext : Exception encountered during context initialization - cancelling refresh attempt: org.springframework.beans.factory.UnsatisfiedDependencyException: Error creating bean with name 'contratController': Unsatisfied dependency expressed through field 'contratService'; nested exception is org.springframework.beans.factory.UnsatisfiedDependencyException: Error creating bean with name 'contratServiceImpl': Unsatisfied dependency expressed through field 'employeService'; nested exception is org.springframework.beans.factory.NoSuchBeanDefinitionException: No qualifying bean of type 'tn.esprit.spring.services.IEmployeService' available: expected at least 1 bean which qualifies as autowire candidate. Dependency annotations: {@org.springframework.beans.factory.annotation.Autowired(required=true)}
2022-06-23 00:00:33.218  INFO 10492 --- [restartedMain] o.apache.catalina.core.StandardService   : Stopping service [Tomcat]
2022-06-23 00:00:33.260 ERROR 10492 --- [restartedMain] o.s.b.d.LoggingFailureAnalysisReporter   : 

***************************
APPLICATION FAILED TO START
***************************

Description:

Field employeService in tn.esprit.spring.services.impl.ContratServiceImpl required a bean of type 'tn.esprit.spring.services.IEmployeService' that could not be found.

The injection point has the following annotations:
	- @org.springframework.beans.factory.annotation.Autowired(required=true)


Action:

Consider defining a bean of type 'tn.esprit.spring.services.IEmployeService' in your configuration.

